Blob: 1023 | No target
Blob: 437 | Centered
Blob: 1023 | No target
Blob: 345 | Centered
Blob: 607 | Centered
Blob: 755 | Left
Blob: 876 | Left
Blob: 1005 | Left
Blob: 1023 | No target
Blob: 1023 | No target
Blob: 1023 | No target
Blob: 179 | Right
Blob: 280 | Right
Blob: 411 | Centered
Blob: 528 | Centered
Blob: 625 | Centered
Blob: 729 | Left
Blob: 856 | Left
Blob: 544 | Centered
Blob: 1023 | No target
Blob: 1023 | No target
Blob: 1023 | No target
Blob: 1023 | No target
Blob: 1023 | No target
Blob: 1023 | No target
Blob: 1023 | No target
Blob: 1023 | No target
Blob: 572 | Centered
Blob: 581 | Centered
Blob: 489 | Centered
Blob: 365 | Right
Blob: 359 | Right
Blob: 257 | Right
Blob: 441 | Centered
Blob: 622 | Left
Blob: 630 | Left
Blob: 657 | Left
Blob: 685 | Left
Blob: 701 | Left
Blob: 696 | Left
Blob: 699 | Left
Blob: 850 | Left
Blob: 864 | Left
Blob: 849 | Left
Blob: 848 | Left
Blob: 838 | Left
Blob: 568 | Centered
Blob: 330 | Right
Blob: 331 | Right
Blob: 331 | Right
Blob: 330 | Right
Blob: 329 | Right
Blob: 339 | Right
Blob: 342 | Right
Blob: 339 | Right
Blob: 339 | Right
Blob: 1023 | No target
Blob: 1023 | No target
Blob: 1023 | No target
Blob: 1023 | No target
Blob: 1023 | No target | Servo at 40 percent
Blob: 740 | Left | Servo at 60 percent
Blob: 727 | Left | Servo at 80 percent
Blob: 758 | Left | Servo at 100 percent
Blob: 535 | Centered | Servo at 100 percent
Blob: 539 | Centered | Servo at 100 percent
Blob: 378 | Right | Servo at 80 percent
Blob: 367 | Right | Servo at 60 percent
Blob: 356 | Right | Servo at 40 percent
Blob: 367 | Right | Servo at 20 percent
Blob: 358 | Right | Servo at 0 percent
Blob: 509 | Centered | Servo at 0 percent
Blob: 507 | Centered | Servo at 0 percent
Blob: 511 | Centered | Servo at 0 percent
Blob: 1023 | No target | Servo at 0 percent
Blob: 1023 | No target | Servo at 0 percent
Blob: 1023 | No target | Servo at 0 percent
Blob: 1023 | No target | Servo at 0 percent
